{
  "RSpec": {
    "coverage": {
      "/home/maycon/studentsapp/app/helpers/application_helper.rb": [
        1,
        1,
        null,
        null,
        9,
        null,
        null,
        null,
        1,
        45,
        45,
        45,
        null,
        null,
        null,
        null,
        1,
        60,
        null,
        null,
        1,
        null,
        null,
        0,
        null,
        null,
        null
      ],
      "/home/maycon/studentsapp/app/models/course.rb": [
        1,
        1,
        1,
        1,
        null
      ],
      "/home/maycon/studentsapp/app/enumerations/course_status.rb": [
        1,
        1,
        null
      ],
      "/home/maycon/studentsapp/app/enumerations/student_status.rb": [
        1,
        1,
        null
      ],
      "/home/maycon/studentsapp/app/models/student.rb": [
        1,
        1,
        1,
        1,
        null
      ],
      "/home/maycon/studentsapp/app/controllers/classrooms_controller.rb": [
        1,
        1,
        1,
        null,
        1,
        2,
        2,
        null,
        null,
        1,
        null,
        null,
        1,
        2,
        2,
        null,
        null,
        1,
        null,
        null,
        1,
        4,
        4,
        null,
        4,
        4,
        null,
        null,
        4,
        null,
        null,
        1,
        0,
        0,
        null,
        null,
        0,
        null,
        null,
        1,
        0,
        0,
        null,
        null,
        0,
        null,
        null,
        1,
        1,
        1,
        null,
        null,
        1,
        4,
        null,
        null
      ],
      "/home/maycon/studentsapp/app/controllers/application_controller.rb": [
        1,
        null,
        null,
        1,
        null
      ],
      "/home/maycon/studentsapp/app/controllers/courses_controller.rb": [
        1,
        1,
        1,
        null,
        1,
        2,
        2,
        null,
        null,
        1,
        null,
        null,
        1,
        2,
        2,
        null,
        null,
        1,
        null,
        null,
        1,
        4,
        null,
        4,
        4,
        null,
        null,
        4,
        null,
        null,
        1,
        0,
        0,
        null,
        null,
        0,
        null,
        null,
        1,
        0,
        0,
        null,
        null,
        0,
        null,
        null,
        1,
        null,
        1,
        1,
        null,
        null,
        1,
        4,
        null,
        null
      ],
      "/home/maycon/studentsapp/app/controllers/students_controller.rb": [
        1,
        1,
        1,
        null,
        1,
        2,
        2,
        null,
        null,
        1,
        null,
        null,
        1,
        2,
        2,
        null,
        null,
        1,
        null,
        null,
        1,
        4,
        null,
        4,
        4,
        null,
        null,
        4,
        null,
        null,
        1,
        0,
        0,
        null,
        null,
        0,
        null,
        null,
        1,
        0,
        0,
        0,
        null,
        null,
        1,
        null,
        1,
        1,
        null,
        null,
        1,
        4,
        null,
        null
      ],
      "/home/maycon/studentsapp/app/models/classroom.rb": [
        1,
        1,
        1,
        null,
        1,
        2,
        null,
        null,
        1,
        2,
        null,
        null
      ],
      "/home/maycon/studentsapp/app/controllers/home_controller.rb": [
        0,
        0,
        0,
        0
      ]
    },
    "timestamp": 1468700903
  }
}
